<?xml version="1.0" encoding="UTF-8"?>
<!-- Generated by org.testng.reporters.JUnitXMLReporter -->
<testsuite hostname="EPBYVITW0063" ignored="0" name="Command line test" tests="1" failures="1" timestamp="2020-07-06T16:32:01 MSK" time="19.106" errors="0">
  <testcase name="loginTest" time="18.419" classname="test.LoginTest">
    <failure type="java.lang.NullPointerException">
      <![CDATA[java.lang.NullPointerException
at object.LoginPage.goToSignInPage(LoginPage.java:21)
at test.LoginTest.loginTest(LoginTest.java:32)
at java.util.ArrayList.forEach(ArrayList.java:1257)
... Removed 36 stack frames]]>
    </failure>
  </testcase> <!-- loginTest -->
</testsuite> <!-- Command line test -->
