-------------------------------------------------------------------------------
Test set: test.LoginTest
-------------------------------------------------------------------------------
Tests run: 1, Failures: 1, Errors: 0, Skipped: 0, Time elapsed: 19.923 sec <<< FAILURE!
loginTest(test.LoginTest)  Time elapsed: 18.423 sec  <<< FAILURE!
java.lang.NullPointerException
	at object.LoginPage.goToSignInPage(LoginPage.java:21)
	at test.LoginTest.loginTest(LoginTest.java:32)

