<?xml version="1.0" encoding="UTF-8" ?>
<testsuite tests="1" failures="1" name="test.LoginTest" time="18.423" errors="0" skipped="0">
  <properties>
[...]
</properties>
  <testcase classname="test.LoginTest" name="loginTest" time="18.423">
    <failure type="java.lang.NullPointerException">java.lang.NullPointerException
	at object.LoginPage.goToSignInPage(LoginPage.java:21)
	at test.LoginTest.loginTest(LoginTest.java:32)
</failure>
    <system-out>Configuring TestNG with: org.apache.maven.surefire.testng.conf.TestNG652Configurator@6d1e7682
</system-out>
    <system-err>Starting ChromeDriver 83.0.4103.39 (ccbf011cb2d2b19b506d844400483861342c20cd-refs/branch-heads/4103@{#416}) on port 42188
Only local connections are allowed.
Please see https://chromedriver.chromium.org/security-considerations for suggestions on keeping ChromeDriver safe.
ChromeDriver was started successfully.
Jul 06, 2020 4:31:45 PM org.openqa.selenium.remote.ProtocolHandshake createSession
INFO: Detected dialect: W3C
</system-err>
  </testcase>
</testsuite>